
===== REQUEST 2026-05-16 02:18:22 =====
METHOD: POST
URI: /admin/produk-save.php
POST count: 39 keys
FILES count: 2 keys
Content-Length: 1342293
Content-Type: multipart/form-data; boundary=----WebKitFormBoundaryENHyysc7TFOMVA1r
===== VALIDATION 2026-05-16 09:18:22 =====
action=publish
hasVariation=YES
enable_variation isset=YES
enable_variation value=1
variation_name=["WARNA"]
variation_options=["asas,aasdfasdv"]
vi_combination=["asas","aasdfasdv"]
vi_price=["12.312.312","12.312.312"]
base_price RAW=
base_price PARSED=0
ALL POST KEYS: csrf_token, action, cover_image_id, name, category_id, type, no_gtin, attr_name, attr_required, attr_value, short_description, description, base_price, sku, min_purchase, max_purchase, tier_min, tier_max, tier_price, enable_variation, variation_name, variation_options, variation_has_images, vi_price, vi_combination, vi_stock, vi_sku, weight, shipping_origin, length_cm, width_cm, height_cm, preorder_days, slug, tags, seo_title, seo_description, internal_note, action_btn

===== 2026-05-16 09:18:22 =====
Product ID: 13
POST keys: csrf_token, action, cover_image_id, name, category_id, type, no_gtin, attr_name, attr_required, attr_value, short_description, description, base_price, sku, min_purchase, max_purchase, tier_min, tier_max, tier_price, enable_variation, variation_name, variation_options, variation_has_images, vi_price, vi_combination, vi_stock, vi_sku, weight, shipping_origin, length_cm, width_cm, height_cm, preorder_days, slug, tags, seo_title, seo_description, internal_note, action_btn
variation_options: ["asas,aasdfasdv"]
variation_has_images: ["1"]
FILES variation_option_image: Array
(
    [name] => Array
        (
            [0] => Array
                (
                    [asas] => 
                    [aasdfasdv] => 
                )

        )

    [full_path] => Array
        (
            [0] => Array
                (
                    [asas] => 
                    [aasdfasdv] => 
                )

        )

    [type] => Array
        (
            [0] => Array
                (
                    [asas] => 
                    [aasdfasdv] => 
                )

        )

    [tmp_name] => Array
        (
            [0] => Array
                (
                    [asas] => 
                    [aasdfasdv] => 
                )

        )

    [error] => Array
        (
            [0] => Array
                (
                    [asas] => 4
                    [aasdfasdv] => 4
                )

        )

    [size] => Array
        (
            [0] => Array
                (
                    [asas] => 0
                    [aasdfasdv] => 0
                )

        )

)


  File [0][asas]: name='', error=4
  File [0][aasdfasdv]: name='', error=4
